<?xml version="1.0" encoding="UTF-8"?>
<testsuite name="CqfProject/tests" tests="1" failures="1" skipped="0" hostname="DESKTOP-HD1KSA6" time="46.665" timestamp="Thu Oct 23 15:23:34 IST 2025">
	<properties>
		<property name="excludeCallableTestCases" value="true"/>
		<property name="testEnvironment" value=""/>
		<property name="pluginOutputLevel" value="WARNING"/>
		<property name="projectPath" value=".."/>
		<property name="salesforceMetadataCache" value="Reuse"/>
		<property name="resultsPathDisposition" value="Increment"/>
		<property name="testOutputLevel" value="INFO"/>
		<property name="webBrowserType" value="Chrome"/>
		<property name="resultsPath" value="../ANT/Results"/>
		<property name="webBrowserConfiguration" value="Full Screen"/>
		<property name="projectCachePath" value="C:\Users\ravi.kumar\MyGitProject\ANT\..\..\.provarCaches"/>
	</properties>
	<testcase classname="tests/LWC_ORG\DataBindingAndRenderingMapping.testcase" name="DataBindingAndRenderingMapping.testcase" time="41.148">
		<failure message="Execution failed"><![CDATA[Error doing interaction.  Connection Name: LWC_Org, cause: [NoSuchElementException: No elements matched the field locator.  Field name: moreShowMoreNavigationItems
For documentation on this error, please visit: https://www.selenium.dev/documentation/webdriver/troubleshooting/errors#no-such-element-exception
Build info: version: '4.16.1', revision: '9b4c83354e'
System info: os.name: 'Windows 11', os.arch: 'amd64', os.version: '10.0', java.version: '21.0.7'
Driver info: driver.version: ProvarSeleniumDriver]]]></failure>
	</testcase>
</testsuite>
